Arguments: 
  /Users/siong/.nvm/versions/node/v16.14.0/bin/node /opt/homebrew/bin/yarn publish --access public

PATH: 
  /Users/siong/.rbenv/shims:/Users/siong/Library/pnpm:/opt/homebrew/opt/python@3.8/bin:/Users/siong/.nvm/versions/node/v16.14.0/bin:/Users/siong/.avm/bin:/opt/homebrew/opt/node@16/bin:/Users/siong/bin:/usr/local/bin:/Users/siong/.local/share/solana/install/active_release/bin:/opt/homebrew/bin:/opt/homebrew/sbin:/usr/local/bin:/System/Cryptexes/App/usr/bin:/usr/bin:/bin:/usr/sbin:/sbin:/Library/Apple/usr/bin:/Users/siong/.cargo/bin

Yarn version: 
  1.22.17

Node version: 
  16.14.0

Platform: 
  darwin arm64

Trace: 
  Error: https://registry.yarnpkg.com/-/user/org.couchdb.user:siong: failed to authenticate: Could not authenticate siong: bad password
      at Request.params.callback [as _callback] (/opt/homebrew/lib/node_modules/yarn/lib/cli.js:67029:18)
      at Request.self.callback (/opt/homebrew/lib/node_modules/yarn/lib/cli.js:140883:22)
      at Request.emit (node:events:520:28)
      at Request.<anonymous> (/opt/homebrew/lib/node_modules/yarn/lib/cli.js:141855:10)
      at Request.emit (node:events:520:28)
      at IncomingMessage.<anonymous> (/opt/homebrew/lib/node_modules/yarn/lib/cli.js:141777:12)
      at Object.onceWrapper (node:events:639:28)
      at IncomingMessage.emit (node:events:532:35)
      at endReadableNT (node:internal/streams/readable:1346:12)
      at processTicksAndRejections (node:internal/process/task_queues:83:21)

npm manifest: 
  {
    "name": "@jup-ag/crema-sdk-v2",
    "version": "2.0.1",
    "scripts": {
      "idl:generate": "./scripts/parse-idls.sh && ./scripts/generate-idl-types.sh",
      "lint:fix": "eslint --fix --ext .ts --ignore-path .gitignore .",
      "test": "jest",
      "pools": "ts-node ./src/cli/cli.ts",
      "build": "rm -fr dist/ &&  tsc -p src"
    },
    "license": "AGPL-3.0",
    "dependencies": {
      "@cremafinance/anchor-contrib": "^1.14.3",
      "@cremafinance/solana-contrib": "^1.14.3",
      "@cremafinance/token-utils": "^1.14.3",
      "@metaplex-foundation/js": "^0.15.0",
      "@metaplex-foundation/mpl-token-metadata": "1.2.5",
      "@project-serum/anchor": "^0.24.0",
      "@solana/buffer-layout": "^4.0.0",
      "@solana/web3.js": "^1.50.1",
      "bn.js": "^5.2.1",
      "chai": "^4.3.4",
      "decimal.js": "^10.3.1",
      "eslint": "^8.23.1",
      "jsbi": "^4.3.0",
      "ts-node": "^10.9.1",
      "yaml": "^2.1.1"
    },
    "devDependencies": {
      "@rushstack/eslint-patch": "^1.1.3",
      "@solana/spl-token": "0.1.8",
      "@types/bn.js": "^5.1.0",
      "@types/chai": "^4.3.0",
      "@types/eslint": "^8.4.5",
      "@types/mocha": "^9.1.1",
      "chai": "^4.3.4",
      "eslint-import-resolver-node": "^0.3.6",
      "eslint-plugin-import": "^2.26.0",
      "jest": "^27.0.6",
      "mocha": "^10.0.0",
      "prettier": "^2.6.2",
      "ts-jest": "^27.0.3",
      "typescript": "^4.4.4"
    },
    "files": [
      "dist/**"
    ],
    "packageManager": "yarn@3.2.2"
  }

yarn manifest: 
  No manifest

Lockfile: 
  No lockfile
